2024-04-03 12:46:48,022 p=39720 u=root n=ansible | PLAY [webservers] **************************************************************
2024-04-03 12:46:48,029 p=39720 u=root n=ansible | TASK [Gathering Facts] *********************************************************
2024-04-03 12:46:52,128 p=39720 u=root n=ansible | ok: [web-01.demo.lan]
2024-04-03 12:47:11,030 p=39720 u=root n=ansible |  [ERROR]: User interrupted execution

2024-04-03 12:47:12,757 p=39744 u=root n=ansible | PLAY [webservers] *************************************************************************
2024-04-03 12:47:12,764 p=39744 u=root n=ansible | TASK [Gathering Facts] ********************************************************************
2024-04-03 12:47:13,892 p=39744 u=root n=ansible | ok: [web-01.demo.lan]
2024-04-03 12:47:16,361 p=39744 u=root n=ansible | ok: [web-02.demo.lan]
2024-04-03 12:47:16,379 p=39744 u=root n=ansible |  [ERROR]: User interrupted execution

2024-04-03 12:47:41,767 p=39776 u=root n=ansible | PLAY [webservers] *************************************************************************
2024-04-03 12:47:41,774 p=39776 u=root n=ansible | TASK [Gathering Facts] ********************************************************************
2024-04-03 12:47:42,940 p=39776 u=root n=ansible | ok: [web-01.demo.lan]
2024-04-03 12:47:42,978 p=39776 u=root n=ansible | ok: [web-02.demo.lan]
2024-04-03 12:47:43,000 p=39776 u=root n=ansible | TASK [nginx-webserver : Install nginx] ****************************************************
2024-04-03 12:47:44,003 p=39776 u=root n=ansible | fatal: [web-01.demo.lan]: FAILED! => {"changed": false, "failures": ["No package ngnix available."], "msg": "Failed to install some of the specified packages", "rc": 1, "results": []}
2024-04-03 12:47:44,019 p=39776 u=root n=ansible | fatal: [web-02.demo.lan]: FAILED! => {"changed": false, "failures": ["No package ngnix available."], "msg": "Failed to install some of the specified packages", "rc": 1, "results": []}
2024-04-03 12:47:44,021 p=39776 u=root n=ansible | PLAY RECAP ********************************************************************************
2024-04-03 12:47:44,022 p=39776 u=root n=ansible | web-01.demo.lan            : ok=1    changed=0    unreachable=0    failed=1    skipped=0    rescued=0    ignored=0   
2024-04-03 12:47:44,022 p=39776 u=root n=ansible | web-02.demo.lan            : ok=1    changed=0    unreachable=0    failed=1    skipped=0    rescued=0    ignored=0   
2024-04-03 12:49:13,337 p=39823 u=root n=ansible | PLAY [webservers] *************************************************************************
2024-04-03 12:49:13,344 p=39823 u=root n=ansible | TASK [Gathering Facts] ********************************************************************
2024-04-03 12:49:14,871 p=39823 u=root n=ansible | ok: [web-01.demo.lan]
2024-04-03 12:49:14,915 p=39823 u=root n=ansible | ok: [web-02.demo.lan]
2024-04-03 12:49:14,937 p=39823 u=root n=ansible | TASK [nginx-webserver : Install nginx] ****************************************************
2024-04-03 12:49:15,807 p=39823 u=root n=ansible | ok: [web-02.demo.lan]
2024-04-03 12:49:15,812 p=39823 u=root n=ansible | ok: [web-01.demo.lan]
2024-04-03 12:49:15,856 p=39823 u=root n=ansible | PLAY RECAP ********************************************************************************
2024-04-03 12:49:15,856 p=39823 u=root n=ansible | web-01.demo.lan            : ok=2    changed=0    unreachable=0    failed=0    skipped=0    rescued=0    ignored=0   
2024-04-03 12:49:15,856 p=39823 u=root n=ansible | web-02.demo.lan            : ok=2    changed=0    unreachable=0    failed=0    skipped=0    rescued=0    ignored=0   
2024-04-03 13:03:26,387 p=39893 u=root n=ansible | PLAY [webservers] *************************************************************************
2024-04-03 13:03:26,395 p=39893 u=root n=ansible | TASK [Gathering Facts] ********************************************************************
2024-04-03 13:03:28,068 p=39893 u=root n=ansible | ok: [web-01.demo.lan]
2024-04-03 13:03:28,099 p=39893 u=root n=ansible | ok: [web-02.demo.lan]
2024-04-03 13:03:28,121 p=39893 u=root n=ansible | TASK [nginx-webserver : Install nginx] ****************************************************
2024-04-03 13:03:28,974 p=39893 u=root n=ansible | ok: [web-01.demo.lan]
2024-04-03 13:03:29,000 p=39893 u=root n=ansible | ok: [web-02.demo.lan]
2024-04-03 13:03:29,006 p=39893 u=root n=ansible | TASK [nginx-webserver : Template Website] *************************************************
2024-04-03 13:03:29,106 p=39893 u=root n=ansible | An exception occurred during task execution. To see the full traceback, use -vvv. The error was: If you are using a module and expect the file to exist on the remote, see the remote_src option
2024-04-03 13:03:29,107 p=39893 u=root n=ansible | fatal: [web-01.demo.lan]: FAILED! => {"changed": false, "msg": "Could not find or access 'templates/intex.html.tmp'\nSearched in:\n\t/root/ansible-demo/roles/nginx-webserver/templates/templates/intex.html.tmp\n\t/root/ansible-demo/roles/nginx-webserver/templates/intex.html.tmp\n\t/root/ansible-demo/roles/nginx-webserver/tasks/templates/templates/intex.html.tmp\n\t/root/ansible-demo/roles/nginx-webserver/tasks/templates/intex.html.tmp\n\t/root/ansible-demo/playbooks/templates/templates/intex.html.tmp\n\t/root/ansible-demo/playbooks/templates/intex.html.tmp on the Ansible Controller.\nIf you are using a module and expect the file to exist on the remote, see the remote_src option"}
2024-04-03 13:03:29,121 p=39893 u=root n=ansible | An exception occurred during task execution. To see the full traceback, use -vvv. The error was: If you are using a module and expect the file to exist on the remote, see the remote_src option
2024-04-03 13:03:29,121 p=39893 u=root n=ansible | fatal: [web-02.demo.lan]: FAILED! => {"changed": false, "msg": "Could not find or access 'templates/intex.html.tmp'\nSearched in:\n\t/root/ansible-demo/roles/nginx-webserver/templates/templates/intex.html.tmp\n\t/root/ansible-demo/roles/nginx-webserver/templates/intex.html.tmp\n\t/root/ansible-demo/roles/nginx-webserver/tasks/templates/templates/intex.html.tmp\n\t/root/ansible-demo/roles/nginx-webserver/tasks/templates/intex.html.tmp\n\t/root/ansible-demo/playbooks/templates/templates/intex.html.tmp\n\t/root/ansible-demo/playbooks/templates/intex.html.tmp on the Ansible Controller.\nIf you are using a module and expect the file to exist on the remote, see the remote_src option"}
2024-04-03 13:03:29,122 p=39893 u=root n=ansible | PLAY RECAP ********************************************************************************
2024-04-03 13:03:29,123 p=39893 u=root n=ansible | web-01.demo.lan            : ok=2    changed=0    unreachable=0    failed=1    skipped=0    rescued=0    ignored=0   
2024-04-03 13:03:29,123 p=39893 u=root n=ansible | web-02.demo.lan            : ok=2    changed=0    unreachable=0    failed=1    skipped=0    rescued=0    ignored=0   
2024-04-03 13:03:59,767 p=39958 u=root n=ansible | PLAY [webservers] *************************************************************************
2024-04-03 13:03:59,775 p=39958 u=root n=ansible | TASK [Gathering Facts] ********************************************************************
2024-04-03 13:04:00,983 p=39958 u=root n=ansible | ok: [web-01.demo.lan]
2024-04-03 13:04:00,992 p=39958 u=root n=ansible | ok: [web-02.demo.lan]
2024-04-03 13:04:01,014 p=39958 u=root n=ansible | TASK [nginx-webserver : Install nginx] ****************************************************
2024-04-03 13:04:01,885 p=39958 u=root n=ansible | ok: [web-02.demo.lan]
2024-04-03 13:04:01,886 p=39958 u=root n=ansible | ok: [web-01.demo.lan]
2024-04-03 13:04:01,893 p=39958 u=root n=ansible | TASK [nginx-webserver : Template Website] *************************************************
2024-04-03 13:04:02,003 p=39958 u=root n=ansible | An exception occurred during task execution. To see the full traceback, use -vvv. The error was: . Encountered unknown tag 'hostvars'.
2024-04-03 13:04:02,003 p=39958 u=root n=ansible | fatal: [web-01.demo.lan]: FAILED! => {"changed": false, "msg": "AnsibleError: template error while templating string: Encountered unknown tag 'hostvars'.. String: <!DOCTYPE html>\n<html lang=\"en\">\n<head>\n    <meta charset=\"UTF-8\">\n    <meta name=\"viewport\" content=\"width=device-width, initial-scale=1.0\">\n    <title>Document</title>\n</head>\n<body>\n    <h1>{% hostvars[inventory_hostname] %}</h1>\n</body>\n</html>\n\n. Encountered unknown tag 'hostvars'."}
2024-04-03 13:04:02,019 p=39958 u=root n=ansible | An exception occurred during task execution. To see the full traceback, use -vvv. The error was: . Encountered unknown tag 'hostvars'.
2024-04-03 13:04:02,019 p=39958 u=root n=ansible | fatal: [web-02.demo.lan]: FAILED! => {"changed": false, "msg": "AnsibleError: template error while templating string: Encountered unknown tag 'hostvars'.. String: <!DOCTYPE html>\n<html lang=\"en\">\n<head>\n    <meta charset=\"UTF-8\">\n    <meta name=\"viewport\" content=\"width=device-width, initial-scale=1.0\">\n    <title>Document</title>\n</head>\n<body>\n    <h1>{% hostvars[inventory_hostname] %}</h1>\n</body>\n</html>\n\n. Encountered unknown tag 'hostvars'."}
2024-04-03 13:04:02,020 p=39958 u=root n=ansible | PLAY RECAP ********************************************************************************
2024-04-03 13:04:02,020 p=39958 u=root n=ansible | web-01.demo.lan            : ok=2    changed=0    unreachable=0    failed=1    skipped=0    rescued=0    ignored=0   
2024-04-03 13:04:02,020 p=39958 u=root n=ansible | web-02.demo.lan            : ok=2    changed=0    unreachable=0    failed=1    skipped=0    rescued=0    ignored=0   
2024-04-03 13:05:28,433 p=40015 u=root n=ansible | PLAY [webservers] *************************************************************************
2024-04-03 13:05:28,440 p=40015 u=root n=ansible | TASK [Gathering Facts] ********************************************************************
2024-04-03 13:05:29,968 p=40015 u=root n=ansible | ok: [web-01.demo.lan]
2024-04-03 13:05:30,030 p=40015 u=root n=ansible | ok: [web-02.demo.lan]
2024-04-03 13:05:30,052 p=40015 u=root n=ansible | TASK [nginx-webserver : Install nginx] ****************************************************
2024-04-03 13:05:30,907 p=40015 u=root n=ansible | ok: [web-02.demo.lan]
2024-04-03 13:05:30,934 p=40015 u=root n=ansible | ok: [web-01.demo.lan]
2024-04-03 13:05:30,941 p=40015 u=root n=ansible | TASK [nginx-webserver : Template Website] *************************************************
2024-04-03 13:05:31,053 p=40015 u=root n=ansible | An exception occurred during task execution. To see the full traceback, use -vvv. The error was: ansible.errors.AnsibleUndefinedVariable: 'dict object' has no attribute 'web-01.demo.lan'. 'dict object' has no attribute 'web-01.demo.lan'
2024-04-03 13:05:31,053 p=40015 u=root n=ansible | fatal: [web-01.demo.lan]: FAILED! => {"changed": false, "msg": "AnsibleUndefinedVariable: 'dict object' has no attribute 'web-01.demo.lan'. 'dict object' has no attribute 'web-01.demo.lan'"}
2024-04-03 13:05:31,069 p=40015 u=root n=ansible | An exception occurred during task execution. To see the full traceback, use -vvv. The error was: ansible.errors.AnsibleUndefinedVariable: 'dict object' has no attribute 'web-02.demo.lan'. 'dict object' has no attribute 'web-02.demo.lan'
2024-04-03 13:05:31,069 p=40015 u=root n=ansible | fatal: [web-02.demo.lan]: FAILED! => {"changed": false, "msg": "AnsibleUndefinedVariable: 'dict object' has no attribute 'web-02.demo.lan'. 'dict object' has no attribute 'web-02.demo.lan'"}
2024-04-03 13:05:31,070 p=40015 u=root n=ansible | PLAY RECAP ********************************************************************************
2024-04-03 13:05:31,070 p=40015 u=root n=ansible | web-01.demo.lan            : ok=2    changed=0    unreachable=0    failed=1    skipped=0    rescued=0    ignored=0   
2024-04-03 13:05:31,070 p=40015 u=root n=ansible | web-02.demo.lan            : ok=2    changed=0    unreachable=0    failed=1    skipped=0    rescued=0    ignored=0   
2024-04-03 13:14:13,600 p=40082 u=root n=ansible | PLAY [webservers] *************************************************************************
2024-04-03 13:14:13,607 p=40082 u=root n=ansible | TASK [Gathering Facts] ********************************************************************
2024-04-03 13:14:15,371 p=40082 u=root n=ansible | ok: [web-01.demo.lan]
2024-04-03 13:14:15,391 p=40082 u=root n=ansible | ok: [web-02.demo.lan]
2024-04-03 13:14:15,415 p=40082 u=root n=ansible | TASK [nginx-webserver : Install nginx] ****************************************************
2024-04-03 13:14:16,280 p=40082 u=root n=ansible | ok: [web-02.demo.lan]
2024-04-03 13:14:16,313 p=40082 u=root n=ansible | ok: [web-01.demo.lan]
2024-04-03 13:14:16,319 p=40082 u=root n=ansible | TASK [nginx-webserver : Template Website] *************************************************
2024-04-03 13:14:17,939 p=40082 u=root n=ansible | fatal: [web-01.demo.lan]: FAILED! => {"changed": false, "checksum": "aeef7b412c2702c3916a136d7b3aaaa9832850b6", "msg": "Unsupported parameters for (ansible.legacy.copy) module: user. Supported parameters include: _original_basename, attributes, backup, checksum, content, dest, directory_mode, follow, force, group, local_follow, mode, owner, remote_src, selevel, serole, setype, seuser, src, unsafe_writes, validate (attr)."}
2024-04-03 13:14:17,944 p=40082 u=root n=ansible | fatal: [web-02.demo.lan]: FAILED! => {"changed": false, "checksum": "93cd4a372c00bc7722beea7bce7af1c1191d4af3", "msg": "Unsupported parameters for (ansible.legacy.copy) module: user. Supported parameters include: _original_basename, attributes, backup, checksum, content, dest, directory_mode, follow, force, group, local_follow, mode, owner, remote_src, selevel, serole, setype, seuser, src, unsafe_writes, validate (attr)."}
2024-04-03 13:14:17,945 p=40082 u=root n=ansible | PLAY RECAP ********************************************************************************
2024-04-03 13:14:17,945 p=40082 u=root n=ansible | web-01.demo.lan            : ok=2    changed=0    unreachable=0    failed=1    skipped=0    rescued=0    ignored=0   
2024-04-03 13:14:17,945 p=40082 u=root n=ansible | web-02.demo.lan            : ok=2    changed=0    unreachable=0    failed=1    skipped=0    rescued=0    ignored=0   
2024-04-03 14:54:12,113 p=40226 u=root n=ansible | PLAY [webservers] *************************************************************************
2024-04-03 14:54:12,120 p=40226 u=root n=ansible | TASK [Gathering Facts] ********************************************************************
2024-04-03 14:54:13,792 p=40226 u=root n=ansible | ok: [web-01.demo.lan]
2024-04-03 14:54:13,899 p=40226 u=root n=ansible | ok: [web-02.demo.lan]
2024-04-03 14:54:13,922 p=40226 u=root n=ansible | TASK [nginx-webserver : Install nginx] ****************************************************
2024-04-03 14:54:14,948 p=40226 u=root n=ansible | ok: [web-02.demo.lan]
2024-04-03 14:54:14,956 p=40226 u=root n=ansible | ok: [web-01.demo.lan]
2024-04-03 14:54:14,963 p=40226 u=root n=ansible | TASK [nginx-webserver : Template Website] *************************************************
2024-04-03 14:54:16,171 p=40226 u=root n=ansible | [0;31m--- before: /usr/share/nginx/html/index.html[0m
[0;31m[0m[0;32m+++ after: /root/.ansible/tmp/ansible-local-40226n_tgkr9b/tmpw4x4btz2/index.html.tmp[0m
[0;32m[0m[0;36m@@ -1,99 +1,12 @@[0m
[0;36m[0m[0;31m-<!DOCTYPE html PUBLIC "-//W3C//DTD XHTML 1.1//EN" "http://www.w3.org/TR/xhtml11/DTD/xhtml11.dtd">[0m
[0;31m[0m[0;32m+<!DOCTYPE html>[0m
[0;32m[0m[0;32m+<html lang="en">[0m
[0;32m[0m[0;32m+<head>[0m
[0;32m[0m[0;32m+    <meta charset="UTF-8">[0m
[0;32m[0m[0;32m+    <meta name="viewport" content="width=device-width, initial-scale=1.0">[0m
[0;32m[0m[0;32m+    <title>Document</title>[0m
[0;32m[0m[0;32m+</head>[0m
[0;32m[0m[0;32m+<body>[0m
[0;32m[0m[0;32m+	<h1>web-02</h1>[0m
[0;32m[0m[0;32m+</body>[0m
[0;32m[0m[0;32m+</html>[0m
[0;32m[0m 
[0;31m-<html xmlns="http://www.w3.org/1999/xhtml" xml:lang="en">[0m
[0;31m[0m[0;31m-	<head>[0m
[0;31m[0m[0;31m-		<title>Test Page for the HTTP Server on AlmaLinux</title>[0m
[0;31m[0m[0;31m-		<meta http-equiv="Content-Type" content="text/html; charset=UTF-8" />[0m
[0;31m[0m[0;31m-		<style type="text/css">[0m
[0;31m[0m[0;31m-			/*<![CDATA[*/[0m
[0;31m[0m[0;31m-			body {[0m
[0;31m[0m[0;31m-				background-color: #FAF5F5;[0m
[0;31m[0m[0;31m-				color: #000;[0m
[0;31m[0m[0;31m-				font-size: 0.9em;[0m
[0;31m[0m[0;31m-				font-family: sans-serif,helvetica;[0m
[0;31m[0m[0;31m-				margin: 0;[0m
[0;31m[0m[0;31m-				padding: 0;[0m
[0;31m[0m[0;31m-			}[0m
[0;31m[0m[0;31m-			:link {[0m
[0;31m[0m[0;31m-				color: #0B2335;;[0m
[0;31m[0m[0;31m-			}[0m
[0;31m[0m[0;31m-			:visited {[0m
[0;31m[0m[0;31m-				color: #0B2335;;[0m
[0;31m[0m[0;31m-			}[0m
[0;31m[0m[0;31m-			a:hover {[0m
[0;31m[0m[0;31m-				color: #0069DA;[0m
[0;31m[0m[0;31m-			}[0m
[0;31m[0m[0;31m-			h1 {[0m
[0;31m[0m[0;31m-				text-align: center;[0m
[0;31m[0m[0;31m-				margin: 0;[0m
[0;31m[0m[0;31m-				padding: 0.6em 2em 0.4em;[0m
[0;31m[0m[0;31m-				background-color: #0B2335;[0m
[0;31m[0m[0;31m-				color: #fff;[0m
[0;31m[0m[0;31m-				font-weight: normal;[0m
[0;31m[0m[0;31m-				font-size: 1.75em;[0m
[0;31m[0m[0;31m-				border-bottom: 2px solid #000;[0m
[0;31m[0m[0;31m-			}[0m
[0;31m[0m[0;31m-			h1 strong {[0m
[0;31m[0m[0;31m-				font-weight: bold;[0m
[0;31m[0m[0;31m-			}[0m
[0;31m[0m[0;31m-			h2 {[0m
[0;31m[0m[0;31m-				font-size: 1.1em;[0m
[0;31m[0m[0;31m-				font-weight: bold;[0m
[0;31m[0m[0;31m-			}[0m
[0;31m[0m[0;31m-			hr {[0m
[0;31m[0m[0;31m-				display: none;[0m
[0;31m[0m[0;31m-			}[0m
[0;31m[0m[0;31m-			.content {[0m
[0;31m[0m[0;31m-				padding: 1em 5em;[0m
[0;31m[0m[0;31m-			}[0m
[0;31m[0m[0;31m-			.content-columns {[0m
[0;31m[0m[0;31m-				/* Setting relative positioning allows for[0m
[0;31m[0m[0;31m-				absolute positioning for sub-classes */[0m
[0;31m[0m[0;31m-				position: relative;[0m
[0;31m[0m[0;31m-				padding-top: 1em;[0m
[0;31m[0m[0;31m-			}[0m
[0;31m[0m[0;31m-			.content-column-left {[0m
[0;31m[0m[0;31m-				/* Value for IE/Win; will be overwritten for other browsers */[0m
[0;31m[0m[0;31m-				width: 47%;[0m
[0;31m[0m[0;31m-				padding-right: 3%;[0m
[0;31m[0m[0;31m-				float: left;[0m
[0;31m[0m[0;31m-				padding-bottom: 2em;[0m
[0;31m[0m[0;31m-			}[0m
[0;31m[0m[0;31m-			.content-column-left hr {[0m
[0;31m[0m[0;31m-				display: none;[0m
[0;31m[0m[0;31m-			}[0m
[0;31m[0m[0;31m-			.content-column-right {[0m
[0;31m[0m[0;31m-				/* Values for IE/Win; will be overwritten for other browsers */[0m
[0;31m[0m[0;31m-				width: 47%;[0m
[0;31m[0m[0;31m-				padding-left: 3%;[0m
[0;31m[0m[0;31m-				float: left;[0m
[0;31m[0m[0;31m-				padding-bottom: 2em;[0m
[0;31m[0m[0;31m-			}[0m
[0;31m[0m[0;31m-			.content-columns>.content-column-left, .content-columns>.content-column-right {[0m
[0;31m[0m[0;31m-				/* Non-IE/Win */[0m
[0;31m[0m[0;31m-			}[0m
[0;31m[0m[0;31m-			.logos {[0m
[0;31m[0m[0;31m-				text-align: center;[0m
[0;31m[0m[0;31m-				margin-top: 2em;[0m
[0;31m[0m[0;31m-			}[0m
[0;31m[0m[0;31m-			img {[0m
[0;31m[0m[0;31m-				border: 2px solid #fff;[0m
[0;31m[0m[0;31m-				padding: 2px;[0m
[0;31m[0m[0;31m-				margin: 2px;[0m
[0;31m[0m[0;31m-			}[0m
[0;31m[0m[0;31m-			a:hover img {[0m
[0;31m[0m[0;31m-				border: 2px solid #f50;[0m
[0;31m[0m[0;31m-			}[0m
[0;31m[0m[0;31m-			.footer {[0m
[0;31m[0m[0;31m-				clear: both;[0m
[0;31m[0m[0;31m-				text-align: center;[0m
[0;31m[0m[0;31m-				font-size: xx-small;[0m
[0;31m[0m[0;31m-			}[0m
[0;31m[0m[0;31m-			/*]]>*/[0m
[0;31m[0m[0;31m-		</style>[0m
[0;31m[0m[0;31m-	</head>[0m
[0;31m[0m[0;31m-[0m
[0;31m[0m[0;31m-	<body>[0m
[0;31m[0m[0;31m-		<h1>Hello from web-02</h1>[0m
[0;31m[0m[0;31m-	</body>[0m
[0;31m[0m[0;31m-</html>[0m
[0;31m[0m

2024-04-03 14:54:16,172 p=40226 u=root n=ansible | changed: [web-02.demo.lan] => (item=web-02)
2024-04-03 14:54:16,176 p=40226 u=root n=ansible | [0;31m--- before: /usr/share/nginx/html/index.html[0m
[0;31m[0m[0;32m+++ after: /root/.ansible/tmp/ansible-local-40226n_tgkr9b/tmpazmtdtfz/index.html.tmp[0m
[0;32m[0m[0;36m@@ -6,6 +6,7 @@[0m
[0;36m[0m     <title>Document</title>
 </head>
 <body>
[0;31m-    <h1>web-01</h1>[0m
[0;31m[0m[0;32m+	<h1>web-01</h1>[0m
[0;32m[0m </body>
 </html>
[0;32m+[0m
[0;32m[0m

2024-04-03 14:54:16,176 p=40226 u=root n=ansible | changed: [web-01.demo.lan] => (item=web-01)
2024-04-03 14:54:16,220 p=40226 u=root n=ansible | PLAY RECAP ********************************************************************************
2024-04-03 14:54:16,220 p=40226 u=root n=ansible | web-01.demo.lan            : ok=3    changed=1    unreachable=0    failed=0    skipped=0    rescued=0    ignored=0   
2024-04-03 14:54:16,220 p=40226 u=root n=ansible | web-02.demo.lan            : ok=3    changed=1    unreachable=0    failed=0    skipped=0    rescued=0    ignored=0   
2024-04-03 14:56:35,536 p=40318 u=root n=ansible | PLAY [webservers] *************************************************************************
2024-04-03 14:56:35,544 p=40318 u=root n=ansible | TASK [Gathering Facts] ********************************************************************
2024-04-03 14:56:37,092 p=40318 u=root n=ansible | ok: [web-01.demo.lan]
2024-04-03 14:56:37,148 p=40318 u=root n=ansible | ok: [web-02.demo.lan]
2024-04-03 14:56:37,170 p=40318 u=root n=ansible | TASK [nginx-webserver : Install nginx] ****************************************************
2024-04-03 14:56:38,027 p=40318 u=root n=ansible | ok: [web-02.demo.lan]
2024-04-03 14:56:38,034 p=40318 u=root n=ansible | ok: [web-01.demo.lan]
2024-04-03 14:56:38,042 p=40318 u=root n=ansible | TASK [nginx-webserver : Template Website] *************************************************
2024-04-03 14:56:39,273 p=40318 u=root n=ansible | [0;31m--- before: /usr/share/nginx/html/index.html[0m
[0;31m[0m[0;32m+++ after: /root/.ansible/tmp/ansible-local-40318sbzcp60r/tmptvn3o3jb/index.html.tmp[0m
[0;32m[0m[0;36m@@ -6,6 +6,8 @@[0m
[0;36m[0m     <title>Document</title>
 </head>
 <body>
[0;31m-    <h1>web-01</h1>[0m
[0;31m[0m[0;32m+	<h1>web-01</h1>[0m
[0;32m[0m[0;32m+	<h2> web-01 </h2>[0m
[0;32m[0m </body>
 </html>
[0;32m+[0m
[0;32m[0m

2024-04-03 14:56:39,277 p=40318 u=root n=ansible | [0;31m--- before: /usr/share/nginx/html/index.html[0m
[0;31m[0m[0;32m+++ after: /root/.ansible/tmp/ansible-local-40318sbzcp60r/tmpbghhi9n6/index.html.tmp[0m
[0;32m[0m[0;36m@@ -1,99 +1,13 @@[0m
[0;36m[0m[0;31m-<!DOCTYPE html PUBLIC "-//W3C//DTD XHTML 1.1//EN" "http://www.w3.org/TR/xhtml11/DTD/xhtml11.dtd">[0m
[0;31m[0m[0;32m+<!DOCTYPE html>[0m
[0;32m[0m[0;32m+<html lang="en">[0m
[0;32m[0m[0;32m+<head>[0m
[0;32m[0m[0;32m+    <meta charset="UTF-8">[0m
[0;32m[0m[0;32m+    <meta name="viewport" content="width=device-width, initial-scale=1.0">[0m
[0;32m[0m[0;32m+    <title>Document</title>[0m
[0;32m[0m[0;32m+</head>[0m
[0;32m[0m[0;32m+<body>[0m
[0;32m[0m[0;32m+	<h1>web-02</h1>[0m
[0;32m[0m[0;32m+	<h2> web-02 </h2>[0m
[0;32m[0m[0;32m+</body>[0m
[0;32m[0m[0;32m+</html>[0m
[0;32m[0m 
[0;31m-<html xmlns="http://www.w3.org/1999/xhtml" xml:lang="en">[0m
[0;31m[0m[0;31m-	<head>[0m
[0;31m[0m[0;31m-		<title>Test Page for the HTTP Server on AlmaLinux</title>[0m
[0;31m[0m[0;31m-		<meta http-equiv="Content-Type" content="text/html; charset=UTF-8" />[0m
[0;31m[0m[0;31m-		<style type="text/css">[0m
[0;31m[0m[0;31m-			/*<![CDATA[*/[0m
[0;31m[0m[0;31m-			body {[0m
[0;31m[0m[0;31m-				background-color: #FAF5F5;[0m
[0;31m[0m[0;31m-				color: #000;[0m
[0;31m[0m[0;31m-				font-size: 0.9em;[0m
[0;31m[0m[0;31m-				font-family: sans-serif,helvetica;[0m
[0;31m[0m[0;31m-				margin: 0;[0m
[0;31m[0m[0;31m-				padding: 0;[0m
[0;31m[0m[0;31m-			}[0m
[0;31m[0m[0;31m-			:link {[0m
[0;31m[0m[0;31m-				color: #0B2335;;[0m
[0;31m[0m[0;31m-			}[0m
[0;31m[0m[0;31m-			:visited {[0m
[0;31m[0m[0;31m-				color: #0B2335;;[0m
[0;31m[0m[0;31m-			}[0m
[0;31m[0m[0;31m-			a:hover {[0m
[0;31m[0m[0;31m-				color: #0069DA;[0m
[0;31m[0m[0;31m-			}[0m
[0;31m[0m[0;31m-			h1 {[0m
[0;31m[0m[0;31m-				text-align: center;[0m
[0;31m[0m[0;31m-				margin: 0;[0m
[0;31m[0m[0;31m-				padding: 0.6em 2em 0.4em;[0m
[0;31m[0m[0;31m-				background-color: #0B2335;[0m
[0;31m[0m[0;31m-				color: #fff;[0m
[0;31m[0m[0;31m-				font-weight: normal;[0m
[0;31m[0m[0;31m-				font-size: 1.75em;[0m
[0;31m[0m[0;31m-				border-bottom: 2px solid #000;[0m
[0;31m[0m[0;31m-			}[0m
[0;31m[0m[0;31m-			h1 strong {[0m
[0;31m[0m[0;31m-				font-weight: bold;[0m
[0;31m[0m[0;31m-			}[0m
[0;31m[0m[0;31m-			h2 {[0m
[0;31m[0m[0;31m-				font-size: 1.1em;[0m
[0;31m[0m[0;31m-				font-weight: bold;[0m
[0;31m[0m[0;31m-			}[0m
[0;31m[0m[0;31m-			hr {[0m
[0;31m[0m[0;31m-				display: none;[0m
[0;31m[0m[0;31m-			}[0m
[0;31m[0m[0;31m-			.content {[0m
[0;31m[0m[0;31m-				padding: 1em 5em;[0m
[0;31m[0m[0;31m-			}[0m
[0;31m[0m[0;31m-			.content-columns {[0m
[0;31m[0m[0;31m-				/* Setting relative positioning allows for[0m
[0;31m[0m[0;31m-				absolute positioning for sub-classes */[0m
[0;31m[0m[0;31m-				position: relative;[0m
[0;31m[0m[0;31m-				padding-top: 1em;[0m
[0;31m[0m[0;31m-			}[0m
[0;31m[0m[0;31m-			.content-column-left {[0m
[0;31m[0m[0;31m-				/* Value for IE/Win; will be overwritten for other browsers */[0m
[0;31m[0m[0;31m-				width: 47%;[0m
[0;31m[0m[0;31m-				padding-right: 3%;[0m
[0;31m[0m[0;31m-				float: left;[0m
[0;31m[0m[0;31m-				padding-bottom: 2em;[0m
[0;31m[0m[0;31m-			}[0m
[0;31m[0m[0;31m-			.content-column-left hr {[0m
[0;31m[0m[0;31m-				display: none;[0m
[0;31m[0m[0;31m-			}[0m
[0;31m[0m[0;31m-			.content-column-right {[0m
[0;31m[0m[0;31m-				/* Values for IE/Win; will be overwritten for other browsers */[0m
[0;31m[0m[0;31m-				width: 47%;[0m
[0;31m[0m[0;31m-				padding-left: 3%;[0m
[0;31m[0m[0;31m-				float: left;[0m
[0;31m[0m[0;31m-				padding-bottom: 2em;[0m
[0;31m[0m[0;31m-			}[0m
[0;31m[0m[0;31m-			.content-columns>.content-column-left, .content-columns>.content-column-right {[0m
[0;31m[0m[0;31m-				/* Non-IE/Win */[0m
[0;31m[0m[0;31m-			}[0m
[0;31m[0m[0;31m-			.logos {[0m
[0;31m[0m[0;31m-				text-align: center;[0m
[0;31m[0m[0;31m-				margin-top: 2em;[0m
[0;31m[0m[0;31m-			}[0m
[0;31m[0m[0;31m-			img {[0m
[0;31m[0m[0;31m-				border: 2px solid #fff;[0m
[0;31m[0m[0;31m-				padding: 2px;[0m
[0;31m[0m[0;31m-				margin: 2px;[0m
[0;31m[0m[0;31m-			}[0m
[0;31m[0m[0;31m-			a:hover img {[0m
[0;31m[0m[0;31m-				border: 2px solid #f50;[0m
[0;31m[0m[0;31m-			}[0m
[0;31m[0m[0;31m-			.footer {[0m
[0;31m[0m[0;31m-				clear: both;[0m
[0;31m[0m[0;31m-				text-align: center;[0m
[0;31m[0m[0;31m-				font-size: xx-small;[0m
[0;31m[0m[0;31m-			}[0m
[0;31m[0m[0;31m-			/*]]>*/[0m
[0;31m[0m[0;31m-		</style>[0m
[0;31m[0m[0;31m-	</head>[0m
[0;31m[0m[0;31m-[0m
[0;31m[0m[0;31m-	<body>[0m
[0;31m[0m[0;31m-		<h1>Hello from web-02</h1>[0m
[0;31m[0m[0;31m-	</body>[0m
[0;31m[0m[0;31m-</html>[0m
[0;31m[0m

2024-04-03 14:56:39,278 p=40318 u=root n=ansible | changed: [web-02.demo.lan] => (item=web-02)
2024-04-03 14:56:39,278 p=40318 u=root n=ansible | changed: [web-01.demo.lan] => (item=web-01)
2024-04-03 14:56:39,321 p=40318 u=root n=ansible | PLAY RECAP ********************************************************************************
2024-04-03 14:56:39,321 p=40318 u=root n=ansible | web-01.demo.lan            : ok=3    changed=1    unreachable=0    failed=0    skipped=0    rescued=0    ignored=0   
2024-04-03 14:56:39,322 p=40318 u=root n=ansible | web-02.demo.lan            : ok=3    changed=1    unreachable=0    failed=0    skipped=0    rescued=0    ignored=0   
2024-04-03 14:57:26,347 p=40405 u=root n=ansible | PLAY [webservers] *************************************************************************
2024-04-03 14:57:26,354 p=40405 u=root n=ansible | TASK [Gathering Facts] ********************************************************************
2024-04-03 14:57:27,549 p=40405 u=root n=ansible | ok: [web-02.demo.lan]
2024-04-03 14:57:27,553 p=40405 u=root n=ansible | ok: [web-01.demo.lan]
2024-04-03 14:57:27,576 p=40405 u=root n=ansible | TASK [nginx-webserver : Install nginx] ****************************************************
2024-04-03 14:57:28,430 p=40405 u=root n=ansible | ok: [web-02.demo.lan]
2024-04-03 14:57:28,435 p=40405 u=root n=ansible | ok: [web-01.demo.lan]
2024-04-03 14:57:28,442 p=40405 u=root n=ansible | TASK [nginx-webserver : Template Website] *************************************************
2024-04-03 14:57:29,600 p=40405 u=root n=ansible | [0;31m--- before: /usr/share/nginx/html/index.html[0m
[0;31m[0m[0;32m+++ after: /root/.ansible/tmp/ansible-local-40405atcq6mpu/tmpzk6hxfl5/index.html.tmp[0m
[0;32m[0m[0;36m@@ -1,99 +1,12 @@[0m
[0;36m[0m[0;31m-<!DOCTYPE html PUBLIC "-//W3C//DTD XHTML 1.1//EN" "http://www.w3.org/TR/xhtml11/DTD/xhtml11.dtd">[0m
[0;31m[0m[0;32m+<!DOCTYPE html>[0m
[0;32m[0m[0;32m+<html lang="en">[0m
[0;32m[0m[0;32m+<head>[0m
[0;32m[0m[0;32m+    <meta charset="UTF-8">[0m
[0;32m[0m[0;32m+    <meta name="viewport" content="width=device-width, initial-scale=1.0">[0m
[0;32m[0m[0;32m+    <title>Document</title>[0m
[0;32m[0m[0;32m+</head>[0m
[0;32m[0m[0;32m+<body>[0m
[0;32m[0m[0;32m+	<h1> web-02 </h1>[0m
[0;32m[0m[0;32m+</body>[0m
[0;32m[0m[0;32m+</html>[0m
[0;32m[0m 
[0;31m-<html xmlns="http://www.w3.org/1999/xhtml" xml:lang="en">[0m
[0;31m[0m[0;31m-	<head>[0m
[0;31m[0m[0;31m-		<title>Test Page for the HTTP Server on AlmaLinux</title>[0m
[0;31m[0m[0;31m-		<meta http-equiv="Content-Type" content="text/html; charset=UTF-8" />[0m
[0;31m[0m[0;31m-		<style type="text/css">[0m
[0;31m[0m[0;31m-			/*<![CDATA[*/[0m
[0;31m[0m[0;31m-			body {[0m
[0;31m[0m[0;31m-				background-color: #FAF5F5;[0m
[0;31m[0m[0;31m-				color: #000;[0m
[0;31m[0m[0;31m-				font-size: 0.9em;[0m
[0;31m[0m[0;31m-				font-family: sans-serif,helvetica;[0m
[0;31m[0m[0;31m-				margin: 0;[0m
[0;31m[0m[0;31m-				padding: 0;[0m
[0;31m[0m[0;31m-			}[0m
[0;31m[0m[0;31m-			:link {[0m
[0;31m[0m[0;31m-				color: #0B2335;;[0m
[0;31m[0m[0;31m-			}[0m
[0;31m[0m[0;31m-			:visited {[0m
[0;31m[0m[0;31m-				color: #0B2335;;[0m
[0;31m[0m[0;31m-			}[0m
[0;31m[0m[0;31m-			a:hover {[0m
[0;31m[0m[0;31m-				color: #0069DA;[0m
[0;31m[0m[0;31m-			}[0m
[0;31m[0m[0;31m-			h1 {[0m
[0;31m[0m[0;31m-				text-align: center;[0m
[0;31m[0m[0;31m-				margin: 0;[0m
[0;31m[0m[0;31m-				padding: 0.6em 2em 0.4em;[0m
[0;31m[0m[0;31m-				background-color: #0B2335;[0m
[0;31m[0m[0;31m-				color: #fff;[0m
[0;31m[0m[0;31m-				font-weight: normal;[0m
[0;31m[0m[0;31m-				font-size: 1.75em;[0m
[0;31m[0m[0;31m-				border-bottom: 2px solid #000;[0m
[0;31m[0m[0;31m-			}[0m
[0;31m[0m[0;31m-			h1 strong {[0m
[0;31m[0m[0;31m-				font-weight: bold;[0m
[0;31m[0m[0;31m-			}[0m
[0;31m[0m[0;31m-			h2 {[0m
[0;31m[0m[0;31m-				font-size: 1.1em;[0m
[0;31m[0m[0;31m-				font-weight: bold;[0m
[0;31m[0m[0;31m-			}[0m
[0;31m[0m[0;31m-			hr {[0m
[0;31m[0m[0;31m-				display: none;[0m
[0;31m[0m[0;31m-			}[0m
[0;31m[0m[0;31m-			.content {[0m
[0;31m[0m[0;31m-				padding: 1em 5em;[0m
[0;31m[0m[0;31m-			}[0m
[0;31m[0m[0;31m-			.content-columns {[0m
[0;31m[0m[0;31m-				/* Setting relative positioning allows for[0m
[0;31m[0m[0;31m-				absolute positioning for sub-classes */[0m
[0;31m[0m[0;31m-				position: relative;[0m
[0;31m[0m[0;31m-				padding-top: 1em;[0m
[0;31m[0m[0;31m-			}[0m
[0;31m[0m[0;31m-			.content-column-left {[0m
[0;31m[0m[0;31m-				/* Value for IE/Win; will be overwritten for other browsers */[0m
[0;31m[0m[0;31m-				width: 47%;[0m
[0;31m[0m[0;31m-				padding-right: 3%;[0m
[0;31m[0m[0;31m-				float: left;[0m
[0;31m[0m[0;31m-				padding-bottom: 2em;[0m
[0;31m[0m[0;31m-			}[0m
[0;31m[0m[0;31m-			.content-column-left hr {[0m
[0;31m[0m[0;31m-				display: none;[0m
[0;31m[0m[0;31m-			}[0m
[0;31m[0m[0;31m-			.content-column-right {[0m
[0;31m[0m[0;31m-				/* Values for IE/Win; will be overwritten for other browsers */[0m
[0;31m[0m[0;31m-				width: 47%;[0m
[0;31m[0m[0;31m-				padding-left: 3%;[0m
[0;31m[0m[0;31m-				float: left;[0m
[0;31m[0m[0;31m-				padding-bottom: 2em;[0m
[0;31m[0m[0;31m-			}[0m
[0;31m[0m[0;31m-			.content-columns>.content-column-left, .content-columns>.content-column-right {[0m
[0;31m[0m[0;31m-				/* Non-IE/Win */[0m
[0;31m[0m[0;31m-			}[0m
[0;31m[0m[0;31m-			.logos {[0m
[0;31m[0m[0;31m-				text-align: center;[0m
[0;31m[0m[0;31m-				margin-top: 2em;[0m
[0;31m[0m[0;31m-			}[0m
[0;31m[0m[0;31m-			img {[0m
[0;31m[0m[0;31m-				border: 2px solid #fff;[0m
[0;31m[0m[0;31m-				padding: 2px;[0m
[0;31m[0m[0;31m-				margin: 2px;[0m
[0;31m[0m[0;31m-			}[0m
[0;31m[0m[0;31m-			a:hover img {[0m
[0;31m[0m[0;31m-				border: 2px solid #f50;[0m
[0;31m[0m[0;31m-			}[0m
[0;31m[0m[0;31m-			.footer {[0m
[0;31m[0m[0;31m-				clear: both;[0m
[0;31m[0m[0;31m-				text-align: center;[0m
[0;31m[0m[0;31m-				font-size: xx-small;[0m
[0;31m[0m[0;31m-			}[0m
[0;31m[0m[0;31m-			/*]]>*/[0m
[0;31m[0m[0;31m-		</style>[0m
[0;31m[0m[0;31m-	</head>[0m
[0;31m[0m[0;31m-[0m
[0;31m[0m[0;31m-	<body>[0m
[0;31m[0m[0;31m-		<h1>Hello from web-02</h1>[0m
[0;31m[0m[0;31m-	</body>[0m
[0;31m[0m[0;31m-</html>[0m
[0;31m[0m

2024-04-03 14:57:29,601 p=40405 u=root n=ansible | changed: [web-02.demo.lan]
2024-04-03 14:57:29,602 p=40405 u=root n=ansible | [0;31m--- before: /usr/share/nginx/html/index.html[0m
[0;31m[0m[0;32m+++ after: /root/.ansible/tmp/ansible-local-40405atcq6mpu/tmpav6x1_8j/index.html.tmp[0m
[0;32m[0m[0;36m@@ -6,6 +6,7 @@[0m
[0;36m[0m     <title>Document</title>
 </head>
 <body>
[0;31m-    <h1>web-01</h1>[0m
[0;31m[0m[0;32m+	<h1> web-01 </h1>[0m
[0;32m[0m </body>
 </html>
[0;32m+[0m
[0;32m[0m

2024-04-03 14:57:29,602 p=40405 u=root n=ansible | changed: [web-01.demo.lan]
2024-04-03 14:57:29,644 p=40405 u=root n=ansible | PLAY RECAP ********************************************************************************
2024-04-03 14:57:29,644 p=40405 u=root n=ansible | web-01.demo.lan            : ok=3    changed=1    unreachable=0    failed=0    skipped=0    rescued=0    ignored=0   
2024-04-03 14:57:29,644 p=40405 u=root n=ansible | web-02.demo.lan            : ok=3    changed=1    unreachable=0    failed=0    skipped=0    rescued=0    ignored=0   
2024-04-03 15:07:17,353 p=40511 u=root n=ansible | PLAY [webservers] *************************************************************************
2024-04-03 15:07:17,360 p=40511 u=root n=ansible | TASK [Gathering Facts] ********************************************************************
2024-04-03 15:07:19,010 p=40511 u=root n=ansible | ok: [web-01.demo.lan]
2024-04-03 15:07:19,096 p=40511 u=root n=ansible | ok: [web-02.demo.lan]
2024-04-03 15:07:19,118 p=40511 u=root n=ansible | TASK [nginx-webserver : Install nginx] ****************************************************
2024-04-03 15:07:19,978 p=40511 u=root n=ansible | ok: [web-02.demo.lan]
2024-04-03 15:07:19,980 p=40511 u=root n=ansible | ok: [web-01.demo.lan]
2024-04-03 15:07:19,986 p=40511 u=root n=ansible | TASK [nginx-webserver : Template Website] *************************************************
2024-04-03 15:07:21,211 p=40511 u=root n=ansible | [0;31m--- before: /usr/share/nginx/html/index.html[0m
[0;31m[0m[0;32m+++ after: /root/.ansible/tmp/ansible-local-40511iu4dijge/tmp9m9ujzyr/index.html.tmp[0m
[0;32m[0m[0;36m@@ -6,6 +6,7 @@[0m
[0;36m[0m     <title>Document</title>
 </head>
 <body>
[0;31m-    <h1>web-01</h1>[0m
[0;31m[0m[0;32m+	<h1> web-01 </h1>[0m
[0;32m[0m </body>
 </html>
[0;32m+[0m
[0;32m[0m

2024-04-03 15:07:21,211 p=40511 u=root n=ansible | changed: [web-01.demo.lan]
2024-04-03 15:07:21,233 p=40511 u=root n=ansible | [0;31m--- before: /usr/share/nginx/html/index.html[0m
[0;31m[0m[0;32m+++ after: /root/.ansible/tmp/ansible-local-40511iu4dijge/tmpeftx6qxg/index.html.tmp[0m
[0;32m[0m[0;36m@@ -1,99 +1,12 @@[0m
[0;36m[0m[0;31m-<!DOCTYPE html PUBLIC "-//W3C//DTD XHTML 1.1//EN" "http://www.w3.org/TR/xhtml11/DTD/xhtml11.dtd">[0m
[0;31m[0m[0;32m+<!DOCTYPE html>[0m
[0;32m[0m[0;32m+<html lang="en">[0m
[0;32m[0m[0;32m+<head>[0m
[0;32m[0m[0;32m+    <meta charset="UTF-8">[0m
[0;32m[0m[0;32m+    <meta name="viewport" content="width=device-width, initial-scale=1.0">[0m
[0;32m[0m[0;32m+    <title>Document</title>[0m
[0;32m[0m[0;32m+</head>[0m
[0;32m[0m[0;32m+<body>[0m
[0;32m[0m[0;32m+	<h1> web-02 </h1>[0m
[0;32m[0m[0;32m+</body>[0m
[0;32m[0m[0;32m+</html>[0m
[0;32m[0m 
[0;31m-<html xmlns="http://www.w3.org/1999/xhtml" xml:lang="en">[0m
[0;31m[0m[0;31m-	<head>[0m
[0;31m[0m[0;31m-		<title>Test Page for the HTTP Server on AlmaLinux</title>[0m
[0;31m[0m[0;31m-		<meta http-equiv="Content-Type" content="text/html; charset=UTF-8" />[0m
[0;31m[0m[0;31m-		<style type="text/css">[0m
[0;31m[0m[0;31m-			/*<![CDATA[*/[0m
[0;31m[0m[0;31m-			body {[0m
[0;31m[0m[0;31m-				background-color: #FAF5F5;[0m
[0;31m[0m[0;31m-				color: #000;[0m
[0;31m[0m[0;31m-				font-size: 0.9em;[0m
[0;31m[0m[0;31m-				font-family: sans-serif,helvetica;[0m
[0;31m[0m[0;31m-				margin: 0;[0m
[0;31m[0m[0;31m-				padding: 0;[0m
[0;31m[0m[0;31m-			}[0m
[0;31m[0m[0;31m-			:link {[0m
[0;31m[0m[0;31m-				color: #0B2335;;[0m
[0;31m[0m[0;31m-			}[0m
[0;31m[0m[0;31m-			:visited {[0m
[0;31m[0m[0;31m-				color: #0B2335;;[0m
[0;31m[0m[0;31m-			}[0m
[0;31m[0m[0;31m-			a:hover {[0m
[0;31m[0m[0;31m-				color: #0069DA;[0m
[0;31m[0m[0;31m-			}[0m
[0;31m[0m[0;31m-			h1 {[0m
[0;31m[0m[0;31m-				text-align: center;[0m
[0;31m[0m[0;31m-				margin: 0;[0m
[0;31m[0m[0;31m-				padding: 0.6em 2em 0.4em;[0m
[0;31m[0m[0;31m-				background-color: #0B2335;[0m
[0;31m[0m[0;31m-				color: #fff;[0m
[0;31m[0m[0;31m-				font-weight: normal;[0m
[0;31m[0m[0;31m-				font-size: 1.75em;[0m
[0;31m[0m[0;31m-				border-bottom: 2px solid #000;[0m
[0;31m[0m[0;31m-			}[0m
[0;31m[0m[0;31m-			h1 strong {[0m
[0;31m[0m[0;31m-				font-weight: bold;[0m
[0;31m[0m[0;31m-			}[0m
[0;31m[0m[0;31m-			h2 {[0m
[0;31m[0m[0;31m-				font-size: 1.1em;[0m
[0;31m[0m[0;31m-				font-weight: bold;[0m
[0;31m[0m[0;31m-			}[0m
[0;31m[0m[0;31m-			hr {[0m
[0;31m[0m[0;31m-				display: none;[0m
[0;31m[0m[0;31m-			}[0m
[0;31m[0m[0;31m-			.content {[0m
[0;31m[0m[0;31m-				padding: 1em 5em;[0m
[0;31m[0m[0;31m-			}[0m
[0;31m[0m[0;31m-			.content-columns {[0m
[0;31m[0m[0;31m-				/* Setting relative positioning allows for[0m
[0;31m[0m[0;31m-				absolute positioning for sub-classes */[0m
[0;31m[0m[0;31m-				position: relative;[0m
[0;31m[0m[0;31m-				padding-top: 1em;[0m
[0;31m[0m[0;31m-			}[0m
[0;31m[0m[0;31m-			.content-column-left {[0m
[0;31m[0m[0;31m-				/* Value for IE/Win; will be overwritten for other browsers */[0m
[0;31m[0m[0;31m-				width: 47%;[0m
[0;31m[0m[0;31m-				padding-right: 3%;[0m
[0;31m[0m[0;31m-				float: left;[0m
[0;31m[0m[0;31m-				padding-bottom: 2em;[0m
[0;31m[0m[0;31m-			}[0m
[0;31m[0m[0;31m-			.content-column-left hr {[0m
[0;31m[0m[0;31m-				display: none;[0m
[0;31m[0m[0;31m-			}[0m
[0;31m[0m[0;31m-			.content-column-right {[0m
[0;31m[0m[0;31m-				/* Values for IE/Win; will be overwritten for other browsers */[0m
[0;31m[0m[0;31m-				width: 47%;[0m
[0;31m[0m[0;31m-				padding-left: 3%;[0m
[0;31m[0m[0;31m-				float: left;[0m
[0;31m[0m[0;31m-				padding-bottom: 2em;[0m
[0;31m[0m[0;31m-			}[0m
[0;31m[0m[0;31m-			.content-columns>.content-column-left, .content-columns>.content-column-right {[0m
[0;31m[0m[0;31m-				/* Non-IE/Win */[0m
[0;31m[0m[0;31m-			}[0m
[0;31m[0m[0;31m-			.logos {[0m
[0;31m[0m[0;31m-				text-align: center;[0m
[0;31m[0m[0;31m-				margin-top: 2em;[0m
[0;31m[0m[0;31m-			}[0m
[0;31m[0m[0;31m-			img {[0m
[0;31m[0m[0;31m-				border: 2px solid #fff;[0m
[0;31m[0m[0;31m-				padding: 2px;[0m
[0;31m[0m[0;31m-				margin: 2px;[0m
[0;31m[0m[0;31m-			}[0m
[0;31m[0m[0;31m-			a:hover img {[0m
[0;31m[0m[0;31m-				border: 2px solid #f50;[0m
[0;31m[0m[0;31m-			}[0m
[0;31m[0m[0;31m-			.footer {[0m
[0;31m[0m[0;31m-				clear: both;[0m
[0;31m[0m[0;31m-				text-align: center;[0m
[0;31m[0m[0;31m-				font-size: xx-small;[0m
[0;31m[0m[0;31m-			}[0m
[0;31m[0m[0;31m-			/*]]>*/[0m
[0;31m[0m[0;31m-		</style>[0m
[0;31m[0m[0;31m-	</head>[0m
[0;31m[0m[0;31m-[0m
[0;31m[0m[0;31m-	<body>[0m
[0;31m[0m[0;31m-		<h1>Hello from web-02</h1>[0m
[0;31m[0m[0;31m-	</body>[0m
[0;31m[0m[0;31m-</html>[0m
[0;31m[0m

2024-04-03 15:07:21,234 p=40511 u=root n=ansible | changed: [web-02.demo.lan]
2024-04-03 15:07:21,240 p=40511 u=root n=ansible | TASK [nginx-webserver : Start nginx, if not started] **************************************
2024-04-03 15:07:21,965 p=40511 u=root n=ansible | ok: [web-01.demo.lan]
2024-04-03 15:07:21,968 p=40511 u=root n=ansible | ok: [web-02.demo.lan]
2024-04-03 15:07:21,973 p=40511 u=root n=ansible | TASK [nginx-webserver : Reload nginx] *****************************************************
2024-04-03 15:07:22,454 p=40511 u=root n=ansible | changed: [web-01.demo.lan]
2024-04-03 15:07:22,466 p=40511 u=root n=ansible | changed: [web-02.demo.lan]
2024-04-03 15:07:22,508 p=40511 u=root n=ansible | PLAY RECAP ********************************************************************************
2024-04-03 15:07:22,508 p=40511 u=root n=ansible | web-01.demo.lan            : ok=5    changed=2    unreachable=0    failed=0    skipped=0    rescued=0    ignored=0   
2024-04-03 15:07:22,508 p=40511 u=root n=ansible | web-02.demo.lan            : ok=5    changed=2    unreachable=0    failed=0    skipped=0    rescued=0    ignored=0   
2024-04-03 15:07:28,072 p=40634 u=root n=ansible | PLAY [webservers] *************************************************************************
2024-04-03 15:07:28,079 p=40634 u=root n=ansible | TASK [Gathering Facts] ********************************************************************
2024-04-03 15:07:29,240 p=40634 u=root n=ansible | ok: [web-01.demo.lan]
2024-04-03 15:07:29,285 p=40634 u=root n=ansible | ok: [web-02.demo.lan]
2024-04-03 15:07:29,307 p=40634 u=root n=ansible | TASK [nginx-webserver : Install nginx] ****************************************************
2024-04-03 15:07:30,172 p=40634 u=root n=ansible | ok: [web-01.demo.lan]
2024-04-03 15:07:30,195 p=40634 u=root n=ansible | ok: [web-02.demo.lan]
2024-04-03 15:07:30,200 p=40634 u=root n=ansible | TASK [nginx-webserver : Template Website] *************************************************
2024-04-03 15:07:31,770 p=40634 u=root n=ansible | [0;31m--- before: /usr/share/nginx/html/index.html[0m
[0;31m[0m[0;32m+++ after: /root/.ansible/tmp/ansible-local-40634cpuzomjs/tmp1z24e1dz/index.html.tmp[0m
[0;32m[0m[0;36m@@ -6,6 +6,7 @@[0m
[0;36m[0m     <title>Document</title>
 </head>
 <body>
[0;31m-    <h1>web-01</h1>[0m
[0;31m[0m[0;32m+	<h1> web-01 </h1>[0m
[0;32m[0m </body>
 </html>
[0;32m+[0m
[0;32m[0m

2024-04-03 15:07:31,771 p=40634 u=root n=ansible | changed: [web-01.demo.lan]
2024-04-03 15:07:31,779 p=40634 u=root n=ansible | [0;31m--- before: /usr/share/nginx/html/index.html[0m
[0;31m[0m[0;32m+++ after: /root/.ansible/tmp/ansible-local-40634cpuzomjs/tmpa59i2hp5/index.html.tmp[0m
[0;32m[0m[0;36m@@ -1,99 +1,12 @@[0m
[0;36m[0m[0;31m-<!DOCTYPE html PUBLIC "-//W3C//DTD XHTML 1.1//EN" "http://www.w3.org/TR/xhtml11/DTD/xhtml11.dtd">[0m
[0;31m[0m[0;32m+<!DOCTYPE html>[0m
[0;32m[0m[0;32m+<html lang="en">[0m
[0;32m[0m[0;32m+<head>[0m
[0;32m[0m[0;32m+    <meta charset="UTF-8">[0m
[0;32m[0m[0;32m+    <meta name="viewport" content="width=device-width, initial-scale=1.0">[0m
[0;32m[0m[0;32m+    <title>Document</title>[0m
[0;32m[0m[0;32m+</head>[0m
[0;32m[0m[0;32m+<body>[0m
[0;32m[0m[0;32m+	<h1> web-02 </h1>[0m
[0;32m[0m[0;32m+</body>[0m
[0;32m[0m[0;32m+</html>[0m
[0;32m[0m 
[0;31m-<html xmlns="http://www.w3.org/1999/xhtml" xml:lang="en">[0m
[0;31m[0m[0;31m-	<head>[0m
[0;31m[0m[0;31m-		<title>Test Page for the HTTP Server on AlmaLinux</title>[0m
[0;31m[0m[0;31m-		<meta http-equiv="Content-Type" content="text/html; charset=UTF-8" />[0m
[0;31m[0m[0;31m-		<style type="text/css">[0m
[0;31m[0m[0;31m-			/*<![CDATA[*/[0m
[0;31m[0m[0;31m-			body {[0m
[0;31m[0m[0;31m-				background-color: #FAF5F5;[0m
[0;31m[0m[0;31m-				color: #000;[0m
[0;31m[0m[0;31m-				font-size: 0.9em;[0m
[0;31m[0m[0;31m-				font-family: sans-serif,helvetica;[0m
[0;31m[0m[0;31m-				margin: 0;[0m
[0;31m[0m[0;31m-				padding: 0;[0m
[0;31m[0m[0;31m-			}[0m
[0;31m[0m[0;31m-			:link {[0m
[0;31m[0m[0;31m-				color: #0B2335;;[0m
[0;31m[0m[0;31m-			}[0m
[0;31m[0m[0;31m-			:visited {[0m
[0;31m[0m[0;31m-				color: #0B2335;;[0m
[0;31m[0m[0;31m-			}[0m
[0;31m[0m[0;31m-			a:hover {[0m
[0;31m[0m[0;31m-				color: #0069DA;[0m
[0;31m[0m[0;31m-			}[0m
[0;31m[0m[0;31m-			h1 {[0m
[0;31m[0m[0;31m-				text-align: center;[0m
[0;31m[0m[0;31m-				margin: 0;[0m
[0;31m[0m[0;31m-				padding: 0.6em 2em 0.4em;[0m
[0;31m[0m[0;31m-				background-color: #0B2335;[0m
[0;31m[0m[0;31m-				color: #fff;[0m
[0;31m[0m[0;31m-				font-weight: normal;[0m
[0;31m[0m[0;31m-				font-size: 1.75em;[0m
[0;31m[0m[0;31m-				border-bottom: 2px solid #000;[0m
[0;31m[0m[0;31m-			}[0m
[0;31m[0m[0;31m-			h1 strong {[0m
[0;31m[0m[0;31m-				font-weight: bold;[0m
[0;31m[0m[0;31m-			}[0m
[0;31m[0m[0;31m-			h2 {[0m
[0;31m[0m[0;31m-				font-size: 1.1em;[0m
[0;31m[0m[0;31m-				font-weight: bold;[0m
[0;31m[0m[0;31m-			}[0m
[0;31m[0m[0;31m-			hr {[0m
[0;31m[0m[0;31m-				display: none;[0m
[0;31m[0m[0;31m-			}[0m
[0;31m[0m[0;31m-			.content {[0m
[0;31m[0m[0;31m-				padding: 1em 5em;[0m
[0;31m[0m[0;31m-			}[0m
[0;31m[0m[0;31m-			.content-columns {[0m
[0;31m[0m[0;31m-				/* Setting relative positioning allows for[0m
[0;31m[0m[0;31m-				absolute positioning for sub-classes */[0m
[0;31m[0m[0;31m-				position: relative;[0m
[0;31m[0m[0;31m-				padding-top: 1em;[0m
[0;31m[0m[0;31m-			}[0m
[0;31m[0m[0;31m-			.content-column-left {[0m
[0;31m[0m[0;31m-				/* Value for IE/Win; will be overwritten for other browsers */[0m
[0;31m[0m[0;31m-				width: 47%;[0m
[0;31m[0m[0;31m-				padding-right: 3%;[0m
[0;31m[0m[0;31m-				float: left;[0m
[0;31m[0m[0;31m-				padding-bottom: 2em;[0m
[0;31m[0m[0;31m-			}[0m
[0;31m[0m[0;31m-			.content-column-left hr {[0m
[0;31m[0m[0;31m-				display: none;[0m
[0;31m[0m[0;31m-			}[0m
[0;31m[0m[0;31m-			.content-column-right {[0m
[0;31m[0m[0;31m-				/* Values for IE/Win; will be overwritten for other browsers */[0m
[0;31m[0m[0;31m-				width: 47%;[0m
[0;31m[0m[0;31m-				padding-left: 3%;[0m
[0;31m[0m[0;31m-				float: left;[0m
[0;31m[0m[0;31m-				padding-bottom: 2em;[0m
[0;31m[0m[0;31m-			}[0m
[0;31m[0m[0;31m-			.content-columns>.content-column-left, .content-columns>.content-column-right {[0m
[0;31m[0m[0;31m-				/* Non-IE/Win */[0m
[0;31m[0m[0;31m-			}[0m
[0;31m[0m[0;31m-			.logos {[0m
[0;31m[0m[0;31m-				text-align: center;[0m
[0;31m[0m[0;31m-				margin-top: 2em;[0m
[0;31m[0m[0;31m-			}[0m
[0;31m[0m[0;31m-			img {[0m
[0;31m[0m[0;31m-				border: 2px solid #fff;[0m
[0;31m[0m[0;31m-				padding: 2px;[0m
[0;31m[0m[0;31m-				margin: 2px;[0m
[0;31m[0m[0;31m-			}[0m
[0;31m[0m[0;31m-			a:hover img {[0m
[0;31m[0m[0;31m-				border: 2px solid #f50;[0m
[0;31m[0m[0;31m-			}[0m
[0;31m[0m[0;31m-			.footer {[0m
[0;31m[0m[0;31m-				clear: both;[0m
[0;31m[0m[0;31m-				text-align: center;[0m
[0;31m[0m[0;31m-				font-size: xx-small;[0m
[0;31m[0m[0;31m-			}[0m
[0;31m[0m[0;31m-			/*]]>*/[0m
[0;31m[0m[0;31m-		</style>[0m
[0;31m[0m[0;31m-	</head>[0m
[0;31m[0m[0;31m-[0m
[0;31m[0m[0;31m-	<body>[0m
[0;31m[0m[0;31m-		<h1>Hello from web-02</h1>[0m
[0;31m[0m[0;31m-	</body>[0m
[0;31m[0m[0;31m-</html>[0m
[0;31m[0m

2024-04-03 15:07:31,780 p=40634 u=root n=ansible | changed: [web-02.demo.lan]
2024-04-03 15:07:31,785 p=40634 u=root n=ansible | TASK [nginx-webserver : Start nginx, if not started] **************************************
2024-04-03 15:07:32,521 p=40634 u=root n=ansible | ok: [web-01.demo.lan]
2024-04-03 15:07:32,524 p=40634 u=root n=ansible | ok: [web-02.demo.lan]
2024-04-03 15:07:32,530 p=40634 u=root n=ansible | TASK [nginx-webserver : Reload nginx] *****************************************************
2024-04-03 15:07:33,052 p=40634 u=root n=ansible | changed: [web-01.demo.lan]
2024-04-03 15:07:33,075 p=40634 u=root n=ansible | changed: [web-02.demo.lan]
2024-04-03 15:07:33,119 p=40634 u=root n=ansible | PLAY RECAP ********************************************************************************
2024-04-03 15:07:33,119 p=40634 u=root n=ansible | web-01.demo.lan            : ok=5    changed=2    unreachable=0    failed=0    skipped=0    rescued=0    ignored=0   
2024-04-03 15:07:33,120 p=40634 u=root n=ansible | web-02.demo.lan            : ok=5    changed=2    unreachable=0    failed=0    skipped=0    rescued=0    ignored=0   
2024-04-03 15:26:29,695 p=40787 u=root n=ansible | PLAY [webservers] *************************************************************************
2024-04-03 15:26:29,703 p=40787 u=root n=ansible | TASK [Gathering Facts] ********************************************************************
2024-04-03 15:26:31,426 p=40787 u=root n=ansible | ok: [web-01.demo.lan]
2024-04-03 15:26:31,494 p=40787 u=root n=ansible | ok: [web-02.demo.lan]
2024-04-03 15:26:31,518 p=40787 u=root n=ansible | TASK [nginx-webserver : Install nginx] ****************************************************
2024-04-03 15:26:32,384 p=40787 u=root n=ansible | ok: [web-02.demo.lan]
2024-04-03 15:26:32,399 p=40787 u=root n=ansible | ok: [web-01.demo.lan]
2024-04-03 15:26:32,405 p=40787 u=root n=ansible | TASK [nginx-webserver : Start nginx, if not started] **************************************
2024-04-03 15:26:33,122 p=40787 u=root n=ansible | ok: [web-02.demo.lan]
2024-04-03 15:26:33,135 p=40787 u=root n=ansible | ok: [web-01.demo.lan]
2024-04-03 15:26:33,141 p=40787 u=root n=ansible | TASK [nginx-webserver : Template Website] *************************************************
2024-04-03 15:26:34,736 p=40787 u=root n=ansible | ERROR! The requested handler 'reload nginx' was not found in either the main handlers list nor in the listening handlers list
2024-04-03 15:28:55,708 p=40908 u=root n=ansible | PLAY [webservers] *************************************************************************
2024-04-03 15:28:55,716 p=40908 u=root n=ansible | TASK [Gathering Facts] ********************************************************************
2024-04-03 15:28:57,265 p=40908 u=root n=ansible | ok: [web-01.demo.lan]
2024-04-03 15:28:57,314 p=40908 u=root n=ansible | ok: [web-02.demo.lan]
2024-04-03 15:28:57,336 p=40908 u=root n=ansible | TASK [nginx-webserver : Install nginx] ****************************************************
2024-04-03 15:28:58,167 p=40908 u=root n=ansible | ok: [web-02.demo.lan]
2024-04-03 15:28:58,204 p=40908 u=root n=ansible | ok: [web-01.demo.lan]
2024-04-03 15:28:58,210 p=40908 u=root n=ansible | TASK [nginx-webserver : Start nginx, if not started] **************************************
2024-04-03 15:28:58,927 p=40908 u=root n=ansible | ok: [web-01.demo.lan]
2024-04-03 15:28:58,937 p=40908 u=root n=ansible | ok: [web-02.demo.lan]
2024-04-03 15:28:58,943 p=40908 u=root n=ansible | TASK [nginx-webserver : Template Website] *************************************************
2024-04-03 15:28:59,783 p=40908 u=root n=ansible | ok: [web-02.demo.lan]
2024-04-03 15:28:59,784 p=40908 u=root n=ansible | ok: [web-01.demo.lan]
2024-04-03 15:28:59,827 p=40908 u=root n=ansible | PLAY RECAP ********************************************************************************
2024-04-03 15:28:59,827 p=40908 u=root n=ansible | web-01.demo.lan            : ok=4    changed=0    unreachable=0    failed=0    skipped=0    rescued=0    ignored=0   
2024-04-03 15:28:59,827 p=40908 u=root n=ansible | web-02.demo.lan            : ok=4    changed=0    unreachable=0    failed=0    skipped=0    rescued=0    ignored=0   
2024-04-03 16:30:39,610 p=41086 u=root n=ansible | PLAY [dns] ********************************************************************************
2024-04-03 16:30:39,619 p=41086 u=root n=ansible | TASK [Gathering Facts] ********************************************************************
2024-04-03 16:30:41,132 p=41086 u=root n=ansible | ok: [dealer.demo.lan]
2024-04-03 16:30:41,146 p=41086 u=root n=ansible | TASK [bind-dnsserver : Install bind and bind-utils] ***************************************
2024-04-03 16:30:42,076 p=41086 u=root n=ansible | ok: [dealer.demo.lan]
2024-04-03 16:30:42,082 p=41086 u=root n=ansible | TASK [bind-dnsserver : Copy General Config File] ******************************************
2024-04-03 16:30:43,194 p=41086 u=root n=ansible | [0;31m--- before: /etc/named.conf[0m
[0;31m[0m[0;32m+++ after: /root/.ansible/tmp/ansible-local-410864aru8gdn/tmpw0jih8o5/named.conf.j2[0m
[0;32m[0m[0;36m@@ -8,39 +8,39 @@[0m
[0;36m[0m //
 
 options {
[0;31m-	//listen-on port 53 { 127.0.0.1; };[0m
[0;31m[0m[0;31m-	//listen-on-v6 port 53 { ::1; };[0m
[0;31m[0m[0;31m-	directory 	"/var/named";[0m
[0;31m[0m[0;31m-	dump-file 	"/var/named/data/cache_dump.db";[0m
[0;31m[0m[0;31m-	statistics-file "/var/named/data/named_stats.txt";[0m
[0;31m[0m[0;31m-	memstatistics-file "/var/named/data/named_mem_stats.txt";[0m
[0;31m[0m[0;31m-	secroots-file	"/var/named/data/named.secroots";[0m
[0;31m[0m[0;31m-	recursing-file	"/var/named/data/named.recursing";[0m
[0;31m[0m[0;31m-	allow-query     { localhost;192.168.122.0/24; };[0m
[0;31m[0m[0;31m-        forwarders	{ 192.168.122.1; };[0m
[0;31m[0m[0;32m+        //listen-on port 53 { 127.0.0.1; };[0m
[0;32m[0m[0;32m+        //listen-on-v6 port 53 { ::1; };[0m
[0;32m[0m[0;32m+        directory       "/var/named";[0m
[0;32m[0m[0;32m+        dump-file       "/var/named/data/cache_dump.db";[0m
[0;32m[0m[0;32m+        statistics-file "/var/named/data/named_stats.txt";[0m
[0;32m[0m[0;32m+        memstatistics-file "/var/named/data/named_mem_stats.txt";[0m
[0;32m[0m[0;32m+        secroots-file   "/var/named/data/named.secroots";[0m
[0;32m[0m[0;32m+        recursing-file  "/var/named/data/named.recursing";[0m
[0;32m[0m[0;32m+        allow-query     { localhost;192.168.122.0/24; };[0m
[0;32m[0m[0;32m+        forwarders      { 192.168.122.1; };[0m
[0;32m[0m 
[0;31m-	/* [0m
[0;31m[0m[0;31m-	 - If you are building an AUTHORITATIVE DNS server, do NOT enable recursion.[0m
[0;31m[0m[0;31m-	 - If you are building a RECURSIVE (caching) DNS server, you need to enable [0m
[0;31m[0m[0;31m-	   recursion. [0m
[0;31m[0m[0;31m-	 - If your recursive DNS server has a public IP address, you MUST enable access [0m
[0;31m[0m[0;31m-	   control to limit queries to your legitimate users. Failing to do so will[0m
[0;31m[0m[0;31m-	   cause your server to become part of large scale DNS amplification [0m
[0;31m[0m[0;31m-	   attacks. Implementing BCP38 within your network would greatly[0m
[0;31m[0m[0;31m-	   reduce such attack surface [0m
[0;31m[0m[0;31m-	*/[0m
[0;31m[0m[0;31m-	recursion yes;[0m
[0;31m[0m[0;32m+        /*[0m
[0;32m[0m[0;32m+         - If you are building an AUTHORITATIVE DNS server, do NOT enable recursion.[0m
[0;32m[0m[0;32m+         - If you are building a RECURSIVE (caching) DNS server, you need to enable[0m
[0;32m[0m[0;32m+           recursion.[0m
[0;32m[0m[0;32m+         - If your recursive DNS server has a public IP address, you MUST enable access[0m
[0;32m[0m[0;32m+           control to limit queries to your legitimate users. Failing to do so will[0m
[0;32m[0m[0;32m+           cause your server to become part of large scale DNS amplification[0m
[0;32m[0m[0;32m+           attacks. Implementing BCP38 within your network would greatly[0m
[0;32m[0m[0;32m+           reduce such attack surface[0m
[0;32m[0m[0;32m+        */[0m
[0;32m[0m[0;32m+        recursion yes;[0m
[0;32m[0m 
[0;31m-	dnssec-validation yes;[0m
[0;31m[0m[0;32m+        dnssec-validation yes;[0m
[0;32m[0m 
[0;31m-	managed-keys-directory "/var/named/dynamic";[0m
[0;31m[0m[0;31m-	geoip-directory "/usr/share/GeoIP";[0m
[0;31m[0m[0;32m+        managed-keys-directory "/var/named/dynamic";[0m
[0;32m[0m[0;32m+        geoip-directory "/usr/share/GeoIP";[0m
[0;32m[0m 
[0;31m-	pid-file "/run/named/named.pid";[0m
[0;31m[0m[0;31m-	session-keyfile "/run/named/session.key";[0m
[0;31m[0m[0;32m+        pid-file "/run/named/named.pid";[0m
[0;32m[0m[0;32m+        session-keyfile "/run/named/session.key";[0m
[0;32m[0m 
[0;31m-	/* https://fedoraproject.org/wiki/Changes/CryptoPolicy */[0m
[0;31m[0m[0;31m-	include "/etc/crypto-policies/back-ends/bind.config";[0m
[0;31m[0m[0;32m+        /* https://fedoraproject.org/wiki/Changes/CryptoPolicy */[0m
[0;32m[0m[0;32m+        include "/etc/crypto-policies/back-ends/bind.config";[0m
[0;32m[0m };
 
 logging {
[0;36m@@ -51,8 +51,8 @@[0m
[0;36m[0m };
 
 zone "." IN {
[0;31m-	type hint;[0m
[0;31m[0m[0;31m-	file "named.ca";[0m
[0;31m[0m[0;32m+        type hint;[0m
[0;32m[0m[0;32m+        file "named.ca";[0m
[0;32m[0m };
 
 


2024-04-03 16:30:43,195 p=41086 u=root n=ansible | changed: [dealer.demo.lan]
2024-04-03 16:30:43,200 p=41086 u=root n=ansible | TASK [bind-dnsserver : Generate Local Config File] ****************************************
2024-04-03 16:30:43,998 p=41086 u=root n=ansible | [0;31m--- before: /etc/named.conf.local[0m
[0;31m[0m[0;32m+++ after: /root/.ansible/tmp/ansible-local-410864aru8gdn/tmphvyb9wzk/named.conf.local.j2[0m
[0;32m[0m[0;36m@@ -1,18 +1,11 @@[0m
[0;36m[0m[0;31m-//Forward Zone[0m
[0;31m[0m[0;32m+#[0m
[0;32m[0m[0;32m+# Ansible managed[0m
[0;32m[0m[0;32m+#[0m
[0;32m[0m zone "demo.lan" IN {
[0;31m-[0m
[0;31m[0m[0;31m-           type master;[0m
[0;31m[0m[0;31m-           file "demo.lan.db";[0m
[0;31m[0m[0;31m-           allow-update { none; };[0m
[0;31m[0m[0;31m-[0m
[0;31m[0m[0;32m+    type master;[0m
[0;32m[0m[0;32m+    file "demo.lan.db";[0m
[0;32m[0m };
[0;31m-[0m
[0;31m[0m[0;31m-//Reverse Zone[0m
[0;31m[0m zone "122.168.192.in-addr.arpa" IN {
[0;31m-[0m
[0;31m[0m[0;31m-             type master;[0m
[0;31m[0m[0;31m-             file "192.168.122.db";[0m
[0;31m[0m[0;31m-             allow-update { none; };[0m
[0;31m[0m[0;31m-[0m
[0;31m[0m[0;32m+    type master;[0m
[0;32m[0m[0;32m+    file "192.168.122.db";[0m
[0;32m[0m };
[0;31m-[0m
[0;31m[0m

2024-04-03 16:30:43,999 p=41086 u=root n=ansible | changed: [dealer.demo.lan]
2024-04-03 16:30:44,004 p=41086 u=root n=ansible | TASK [bind-dnsserver : Generate Zone Files] ***********************************************
2024-04-03 16:30:44,816 p=41086 u=root n=ansible | [0;31m--- before: /var/named/demo.lan.db[0m
[0;31m[0m[0;32m+++ after: /root/.ansible/tmp/ansible-local-410864aru8gdn/tmpjy3k75si/zone.j2[0m
[0;32m[0m[0;36m@@ -1,23 +1,9 @@[0m
[0;36m[0m $TTL 86400
[0;31m-@   IN  SOA     dealer.demo.lan. root.demo.lan. ([0m
[0;31m[0m[0;31m-                                              3           ;Serial[0m
[0;31m[0m[0;31m-                                              3600        ;Refresh[0m
[0;31m[0m[0;31m-                                              1800        ;Retry[0m
[0;31m[0m[0;31m-                                              604800      ;Expire[0m
[0;31m[0m[0;31m-                                              86400       ;Minimum TTL[0m
[0;31m[0m[0;31m-)[0m
[0;31m[0m[0;31m-[0m
[0;31m[0m[0;31m-;Name Server Information[0m
[0;31m[0m[0;31m-@       	IN  NS      dealer.demo.lan.[0m
[0;31m[0m[0;31m-[0m
[0;31m[0m[0;31m-;IP address of Name Server[0m
[0;31m[0m[0;31m-dealer       	IN  A       192.168.122.10[0m
[0;31m[0m[0;31m-[0m
[0;31m[0m[0;31m-;A - Record HostName To Ip Address[0m
[0;31m[0m[0;31m-nadm            IN  A       192.168.122.20[0m
[0;31m[0m[0;31m-web-01          IN  A       192.168.122.150[0m
[0;31m[0m[0;31m-web-02          IN  A       192.168.122.250[0m
[0;31m[0m[0;31m-web             IN  A       192.168.122.150[0m
[0;31m[0m[0;31m-web             IN  A       192.168.122.250[0m
[0;31m[0m[0;31m-[0m
[0;31m[0m[0;31m-[0m
[0;31m[0m[0;32m+@  IN  SOA dealer.demo.lan. root.demo.lan. (2001062501 21600 3600 604800 86400)[0m
[0;32m[0m[0;32m+@  IN  NS dealer.demo.lan.[0m
[0;32m[0m[0;32m+dealer  IN  A 192.168.122.10[0m
[0;32m[0m[0;32m+nadm  IN  A 192.168.122.20[0m
[0;32m[0m[0;32m+web-01  IN  A 192.168.122.150[0m
[0;32m[0m[0;32m+web-02  IN  A 192.168.122.250[0m
[0;32m[0m[0;32m+web  IN  A 192.168.122.150[0m
[0;32m[0m[0;32m+web  IN  A 192.168.122.25[0m
[0;32m[0m

2024-04-03 16:30:44,817 p=41086 u=root n=ansible | changed: [dealer.demo.lan] => (item={'name': 'demo.lan', 'file': 'demo.lan.db', 'records': [{'name': '@', 'type': 'SOA', 'value': 'dealer.demo.lan. root.demo.lan. (2001062501 21600 3600 604800 86400)'}, {'name': '@', 'type': 'NS', 'value': 'dealer.demo.lan.'}, {'name': 'dealer', 'type': 'A', 'value': '192.168.122.10'}, {'name': 'nadm', 'type': 'A', 'value': '192.168.122.20'}, {'name': 'web-01', 'type': 'A', 'value': '192.168.122.150'}, {'name': 'web-02', 'type': 'A', 'value': '192.168.122.250'}, {'name': 'web', 'type': 'A', 'value': '192.168.122.150'}, {'name': 'web', 'type': 'A', 'value': '192.168.122.25'}]})
2024-04-03 16:30:45,598 p=41086 u=root n=ansible | [0;31m--- before: /var/named/192.168.122.db[0m
[0;31m[0m[0;32m+++ after: /root/.ansible/tmp/ansible-local-410864aru8gdn/tmpx3c27lqf/zone.j2[0m
[0;32m[0m[0;36m@@ -1,19 +1,7 @@[0m
[0;36m[0m $TTL 86400
[0;31m-@   IN  SOA     dealer.demo.lan. root.demo.lan. ([0m
[0;31m[0m[0;31m-                                       3           ;Serial[0m
[0;31m[0m[0;31m-                                       3600        ;Refresh[0m
[0;31m[0m[0;31m-                                       1800        ;Retry[0m
[0;31m[0m[0;31m-                                       604800      ;Expire[0m
[0;31m[0m[0;31m-                                       86400       ;Minimum TTL[0m
[0;31m[0m[0;31m-)[0m
[0;31m[0m[0;31m-[0m
[0;31m[0m[0;31m-;Name Server Information[0m
[0;31m[0m[0;31m-@        IN  NS      dealer.demo.lan.[0m
[0;31m[0m[0;31m-[0m
[0;31m[0m[0;31m-;Reverse lookup for Name Server[0m
[0;31m[0m[0;31m-10       IN  PTR     dealer.demo.lan.[0m
[0;31m[0m[0;31m-[0m
[0;31m[0m[0;31m-;PTR Record IP address to HostName[0m
[0;31m[0m[0;31m-150      IN  PTR     www.web-01.demo.lan.[0m
[0;31m[0m[0;31m-250      IN  PTR     www.web-02.demo.lan.[0m
[0;31m[0m[0;31m-20       IN  PTR     www.nadm.demo.lan.[0m
[0;31m[0m[0;32m+@  IN  SOA dealer.demo.lan. root.demo.lan. (2001062501 21600 3600 604800 86400)[0m
[0;32m[0m[0;32m+@  IN  NS dealer.demo.lan.[0m
[0;32m[0m[0;32m+10  IN  PTR dealer.demo.lan.[0m
[0;32m[0m[0;32m+150  IN  PTR web-01.demo.lan.[0m
[0;32m[0m[0;32m+250  IN  PTR web-02.demo.lan.[0m
[0;32m[0m[0;32m+20  IN  PTR nadm.demo.lan[0m
[0;32m[0m

2024-04-03 16:30:45,598 p=41086 u=root n=ansible | changed: [dealer.demo.lan] => (item={'name': '122.168.192.in-addr.arpa', 'file': '192.168.122.db', 'records': [{'name': '@', 'type': 'SOA', 'value': 'dealer.demo.lan. root.demo.lan. (2001062501 21600 3600 604800 86400)'}, {'name': '@', 'type': 'NS', 'value': 'dealer.demo.lan.'}, {'name': '10', 'type': 'PTR', 'value': 'dealer.demo.lan.'}, {'name': '150', 'type': 'PTR', 'value': 'web-01.demo.lan.'}, {'name': '250', 'type': 'PTR', 'value': 'web-02.demo.lan.'}, {'name': '20', 'type': 'PTR', 'value': 'nadm.demo.lan'}]})
2024-04-03 16:30:45,618 p=41086 u=root n=ansible | RUNNING HANDLER [bind-dnsserver : restart named] ******************************************
2024-04-03 16:30:45,635 p=41086 u=root n=ansible | [WARNING]: Ignoring "sleep" as it is not used in "systemd"

2024-04-03 16:30:46,320 p=41086 u=root n=ansible | changed: [dealer.demo.lan]
2024-04-03 16:30:46,331 p=41086 u=root n=ansible | PLAY RECAP ********************************************************************************
2024-04-03 16:30:46,331 p=41086 u=root n=ansible | dealer.demo.lan            : ok=6    changed=4    unreachable=0    failed=0    skipped=0    rescued=0    ignored=0   
2024-04-03 16:32:12,653 p=41190 u=root n=ansible | PLAY [dns] ********************************************************************************
2024-04-03 16:32:12,661 p=41190 u=root n=ansible | TASK [Gathering Facts] ********************************************************************
2024-04-03 16:32:14,096 p=41190 u=root n=ansible | ok: [dealer.demo.lan]
2024-04-03 16:32:14,111 p=41190 u=root n=ansible | TASK [bind-dnsserver : Install bind and bind-utils] ***************************************
2024-04-03 16:32:14,897 p=41190 u=root n=ansible | ok: [dealer.demo.lan]
2024-04-03 16:32:14,903 p=41190 u=root n=ansible | TASK [bind-dnsserver : Copy General Config File] ******************************************
2024-04-03 16:32:16,427 p=41190 u=root n=ansible | [0;31m--- before: /etc/named.conf[0m
[0;31m[0m[0;32m+++ after: /root/.ansible/tmp/ansible-local-411907ugfefq_/tmpolebetz3/named.conf.j2[0m
[0;32m[0m[0;36m@@ -8,39 +8,39 @@[0m
[0;36m[0m //
 
 options {
[0;31m-	//listen-on port 53 { 127.0.0.1; };[0m
[0;31m[0m[0;31m-	//listen-on-v6 port 53 { ::1; };[0m
[0;31m[0m[0;31m-	directory 	"/var/named";[0m
[0;31m[0m[0;31m-	dump-file 	"/var/named/data/cache_dump.db";[0m
[0;31m[0m[0;31m-	statistics-file "/var/named/data/named_stats.txt";[0m
[0;31m[0m[0;31m-	memstatistics-file "/var/named/data/named_mem_stats.txt";[0m
[0;31m[0m[0;31m-	secroots-file	"/var/named/data/named.secroots";[0m
[0;31m[0m[0;31m-	recursing-file	"/var/named/data/named.recursing";[0m
[0;31m[0m[0;31m-	allow-query     { localhost;192.168.122.0/24; };[0m
[0;31m[0m[0;31m-        forwarders	{ 192.168.122.1; };[0m
[0;31m[0m[0;32m+        //listen-on port 53 { 127.0.0.1; };[0m
[0;32m[0m[0;32m+        //listen-on-v6 port 53 { ::1; };[0m
[0;32m[0m[0;32m+        directory       "/var/named";[0m
[0;32m[0m[0;32m+        dump-file       "/var/named/data/cache_dump.db";[0m
[0;32m[0m[0;32m+        statistics-file "/var/named/data/named_stats.txt";[0m
[0;32m[0m[0;32m+        memstatistics-file "/var/named/data/named_mem_stats.txt";[0m
[0;32m[0m[0;32m+        secroots-file   "/var/named/data/named.secroots";[0m
[0;32m[0m[0;32m+        recursing-file  "/var/named/data/named.recursing";[0m
[0;32m[0m[0;32m+        allow-query     { localhost;192.168.122.0/24; };[0m
[0;32m[0m[0;32m+        forwarders      { 192.168.122.1; };[0m
[0;32m[0m 
[0;31m-	/* [0m
[0;31m[0m[0;31m-	 - If you are building an AUTHORITATIVE DNS server, do NOT enable recursion.[0m
[0;31m[0m[0;31m-	 - If you are building a RECURSIVE (caching) DNS server, you need to enable [0m
[0;31m[0m[0;31m-	   recursion. [0m
[0;31m[0m[0;31m-	 - If your recursive DNS server has a public IP address, you MUST enable access [0m
[0;31m[0m[0;31m-	   control to limit queries to your legitimate users. Failing to do so will[0m
[0;31m[0m[0;31m-	   cause your server to become part of large scale DNS amplification [0m
[0;31m[0m[0;31m-	   attacks. Implementing BCP38 within your network would greatly[0m
[0;31m[0m[0;31m-	   reduce such attack surface [0m
[0;31m[0m[0;31m-	*/[0m
[0;31m[0m[0;31m-	recursion yes;[0m
[0;31m[0m[0;32m+        /*[0m
[0;32m[0m[0;32m+         - If you are building an AUTHORITATIVE DNS server, do NOT enable recursion.[0m
[0;32m[0m[0;32m+         - If you are building a RECURSIVE (caching) DNS server, you need to enable[0m
[0;32m[0m[0;32m+           recursion.[0m
[0;32m[0m[0;32m+         - If your recursive DNS server has a public IP address, you MUST enable access[0m
[0;32m[0m[0;32m+           control to limit queries to your legitimate users. Failing to do so will[0m
[0;32m[0m[0;32m+           cause your server to become part of large scale DNS amplification[0m
[0;32m[0m[0;32m+           attacks. Implementing BCP38 within your network would greatly[0m
[0;32m[0m[0;32m+           reduce such attack surface[0m
[0;32m[0m[0;32m+        */[0m
[0;32m[0m[0;32m+        recursion yes;[0m
[0;32m[0m 
[0;31m-	dnssec-validation yes;[0m
[0;31m[0m[0;32m+        dnssec-validation yes;[0m
[0;32m[0m 
[0;31m-	managed-keys-directory "/var/named/dynamic";[0m
[0;31m[0m[0;31m-	geoip-directory "/usr/share/GeoIP";[0m
[0;31m[0m[0;32m+        managed-keys-directory "/var/named/dynamic";[0m
[0;32m[0m[0;32m+        geoip-directory "/usr/share/GeoIP";[0m
[0;32m[0m 
[0;31m-	pid-file "/run/named/named.pid";[0m
[0;31m[0m[0;31m-	session-keyfile "/run/named/session.key";[0m
[0;31m[0m[0;32m+        pid-file "/run/named/named.pid";[0m
[0;32m[0m[0;32m+        session-keyfile "/run/named/session.key";[0m
[0;32m[0m 
[0;31m-	/* https://fedoraproject.org/wiki/Changes/CryptoPolicy */[0m
[0;31m[0m[0;31m-	include "/etc/crypto-policies/back-ends/bind.config";[0m
[0;31m[0m[0;32m+        /* https://fedoraproject.org/wiki/Changes/CryptoPolicy */[0m
[0;32m[0m[0;32m+        include "/etc/crypto-policies/back-ends/bind.config";[0m
[0;32m[0m };
 
 logging {
[0;36m@@ -51,8 +51,8 @@[0m
[0;36m[0m };
 
 zone "." IN {
[0;31m-	type hint;[0m
[0;31m[0m[0;31m-	file "named.ca";[0m
[0;31m[0m[0;32m+        type hint;[0m
[0;32m[0m[0;32m+        file "named.ca";[0m
[0;32m[0m };
 
 


2024-04-03 16:32:16,427 p=41190 u=root n=ansible | changed: [dealer.demo.lan]
2024-04-03 16:32:16,433 p=41190 u=root n=ansible | TASK [bind-dnsserver : Generate Local Config File] ****************************************
2024-04-03 16:32:17,506 p=41190 u=root n=ansible | [0;31m--- before: /etc/named.conf.local[0m
[0;31m[0m[0;32m+++ after: /root/.ansible/tmp/ansible-local-411907ugfefq_/tmpolgm2p0g/named.conf.local.j2[0m
[0;32m[0m[0;36m@@ -1,18 +1,11 @@[0m
[0;36m[0m[0;31m-//Forward Zone[0m
[0;31m[0m[0;32m+#[0m
[0;32m[0m[0;32m+# Ansible managed[0m
[0;32m[0m[0;32m+#[0m
[0;32m[0m zone "demo.lan" IN {
[0;31m-[0m
[0;31m[0m[0;31m-           type master;[0m
[0;31m[0m[0;31m-           file "demo.lan.db";[0m
[0;31m[0m[0;31m-           allow-update { none; };[0m
[0;31m[0m[0;31m-[0m
[0;31m[0m[0;32m+    type master;[0m
[0;32m[0m[0;32m+    file "demo.lan.db";[0m
[0;32m[0m };
[0;31m-[0m
[0;31m[0m[0;31m-//Reverse Zone[0m
[0;31m[0m zone "122.168.192.in-addr.arpa" IN {
[0;31m-[0m
[0;31m[0m[0;31m-             type master;[0m
[0;31m[0m[0;31m-             file "192.168.122.db";[0m
[0;31m[0m[0;31m-             allow-update { none; };[0m
[0;31m[0m[0;31m-[0m
[0;31m[0m[0;32m+    type master;[0m
[0;32m[0m[0;32m+    file "192.168.122.db";[0m
[0;32m[0m };
[0;31m-[0m
[0;31m[0m

2024-04-03 16:32:17,507 p=41190 u=root n=ansible | changed: [dealer.demo.lan]
2024-04-03 16:32:17,512 p=41190 u=root n=ansible | TASK [bind-dnsserver : Generate Zone Files] ***********************************************
2024-04-03 16:32:18,617 p=41190 u=root n=ansible | [0;31m--- before: /var/named/demo.lan.db[0m
[0;31m[0m[0;32m+++ after: /root/.ansible/tmp/ansible-local-411907ugfefq_/tmpam8ymxgp/zone.j2[0m
[0;32m[0m[0;36m@@ -1,23 +1,9 @@[0m
[0;36m[0m $TTL 86400
[0;31m-@   IN  SOA     dealer.demo.lan. root.demo.lan. ([0m
[0;31m[0m[0;31m-                                              3           ;Serial[0m
[0;31m[0m[0;31m-                                              3600        ;Refresh[0m
[0;31m[0m[0;31m-                                              1800        ;Retry[0m
[0;31m[0m[0;31m-                                              604800      ;Expire[0m
[0;31m[0m[0;31m-                                              86400       ;Minimum TTL[0m
[0;31m[0m[0;31m-)[0m
[0;31m[0m[0;31m-[0m
[0;31m[0m[0;31m-;Name Server Information[0m
[0;31m[0m[0;31m-@       	IN  NS      dealer.demo.lan.[0m
[0;31m[0m[0;31m-[0m
[0;31m[0m[0;31m-;IP address of Name Server[0m
[0;31m[0m[0;31m-dealer       	IN  A       192.168.122.10[0m
[0;31m[0m[0;31m-[0m
[0;31m[0m[0;31m-;A - Record HostName To Ip Address[0m
[0;31m[0m[0;31m-nadm            IN  A       192.168.122.20[0m
[0;31m[0m[0;31m-web-01          IN  A       192.168.122.150[0m
[0;31m[0m[0;31m-web-02          IN  A       192.168.122.250[0m
[0;31m[0m[0;31m-web             IN  A       192.168.122.150[0m
[0;31m[0m[0;31m-web             IN  A       192.168.122.250[0m
[0;31m[0m[0;31m-[0m
[0;31m[0m[0;31m-[0m
[0;31m[0m[0;32m+@  IN  SOA dealer.demo.lan. root.demo.lan. (2001062501 21600 3600 604800 86400)[0m
[0;32m[0m[0;32m+@  IN  NS dealer.demo.lan.[0m
[0;32m[0m[0;32m+dealer  IN  A 192.168.122.10[0m
[0;32m[0m[0;32m+nadm  IN  A 192.168.122.20[0m
[0;32m[0m[0;32m+web-01  IN  A 192.168.122.150[0m
[0;32m[0m[0;32m+web-02  IN  A 192.168.122.250[0m
[0;32m[0m[0;32m+web  IN  A 192.168.122.150[0m
[0;32m[0m[0;32m+web  IN  A 192.168.122.25[0m
[0;32m[0m

2024-04-03 16:32:18,618 p=41190 u=root n=ansible | changed: [dealer.demo.lan] => (item={'name': 'demo.lan', 'file': 'demo.lan.db', 'records': [{'name': '@', 'type': 'SOA', 'value': 'dealer.demo.lan. root.demo.lan. (2001062501 21600 3600 604800 86400)'}, {'name': '@', 'type': 'NS', 'value': 'dealer.demo.lan.'}, {'name': 'dealer', 'type': 'A', 'value': '192.168.122.10'}, {'name': 'nadm', 'type': 'A', 'value': '192.168.122.20'}, {'name': 'web-01', 'type': 'A', 'value': '192.168.122.150'}, {'name': 'web-02', 'type': 'A', 'value': '192.168.122.250'}, {'name': 'web', 'type': 'A', 'value': '192.168.122.150'}, {'name': 'web', 'type': 'A', 'value': '192.168.122.25'}]})
2024-04-03 16:32:19,666 p=41190 u=root n=ansible | [0;31m--- before: /var/named/192.168.122.db[0m
[0;31m[0m[0;32m+++ after: /root/.ansible/tmp/ansible-local-411907ugfefq_/tmp7freiq2s/zone.j2[0m
[0;32m[0m[0;36m@@ -1,19 +1,7 @@[0m
[0;36m[0m $TTL 86400
[0;31m-@   IN  SOA     dealer.demo.lan. root.demo.lan. ([0m
[0;31m[0m[0;31m-                                       3           ;Serial[0m
[0;31m[0m[0;31m-                                       3600        ;Refresh[0m
[0;31m[0m[0;31m-                                       1800        ;Retry[0m
[0;31m[0m[0;31m-                                       604800      ;Expire[0m
[0;31m[0m[0;31m-                                       86400       ;Minimum TTL[0m
[0;31m[0m[0;31m-)[0m
[0;31m[0m[0;31m-[0m
[0;31m[0m[0;31m-;Name Server Information[0m
[0;31m[0m[0;31m-@        IN  NS      dealer.demo.lan.[0m
[0;31m[0m[0;31m-[0m
[0;31m[0m[0;31m-;Reverse lookup for Name Server[0m
[0;31m[0m[0;31m-10       IN  PTR     dealer.demo.lan.[0m
[0;31m[0m[0;31m-[0m
[0;31m[0m[0;31m-;PTR Record IP address to HostName[0m
[0;31m[0m[0;31m-150      IN  PTR     www.web-01.demo.lan.[0m
[0;31m[0m[0;31m-250      IN  PTR     www.web-02.demo.lan.[0m
[0;31m[0m[0;31m-20       IN  PTR     www.nadm.demo.lan.[0m
[0;31m[0m[0;32m+@  IN  SOA dealer.demo.lan. root.demo.lan. (2001062501 21600 3600 604800 86400)[0m
[0;32m[0m[0;32m+@  IN  NS dealer.demo.lan.[0m
[0;32m[0m[0;32m+10  IN  PTR dealer.demo.lan.[0m
[0;32m[0m[0;32m+150  IN  PTR web-01.demo.lan.[0m
[0;32m[0m[0;32m+250  IN  PTR web-02.demo.lan.[0m
[0;32m[0m[0;32m+20  IN  PTR nadm.demo.lan[0m
[0;32m[0m

2024-04-03 16:32:19,667 p=41190 u=root n=ansible | changed: [dealer.demo.lan] => (item={'name': '122.168.192.in-addr.arpa', 'file': '192.168.122.db', 'records': [{'name': '@', 'type': 'SOA', 'value': 'dealer.demo.lan. root.demo.lan. (2001062501 21600 3600 604800 86400)'}, {'name': '@', 'type': 'NS', 'value': 'dealer.demo.lan.'}, {'name': '10', 'type': 'PTR', 'value': 'dealer.demo.lan.'}, {'name': '150', 'type': 'PTR', 'value': 'web-01.demo.lan.'}, {'name': '250', 'type': 'PTR', 'value': 'web-02.demo.lan.'}, {'name': '20', 'type': 'PTR', 'value': 'nadm.demo.lan'}]})
2024-04-03 16:32:19,686 p=41190 u=root n=ansible | RUNNING HANDLER [bind-dnsserver : restart named] ******************************************
2024-04-03 16:32:19,702 p=41190 u=root n=ansible | [WARNING]: Ignoring "sleep" as it is not used in "systemd"

2024-04-03 16:32:20,480 p=41190 u=root n=ansible | changed: [dealer.demo.lan]
2024-04-03 16:32:20,491 p=41190 u=root n=ansible | PLAY RECAP ********************************************************************************
2024-04-03 16:32:20,491 p=41190 u=root n=ansible | dealer.demo.lan            : ok=6    changed=4    unreachable=0    failed=0    skipped=0    rescued=0    ignored=0   
